CRITICAL - 2024-04-13 08:55:04 --> E-Mail is not a valid rule.
in SYSTEMPATH\Validation\Validation.php on line 314.
 1 SYSTEMPATH\Validation\Validation.php(314): CodeIgniter\Validation\Exceptions\ValidationException::forRuleNotFound('E-Mail')
 2 SYSTEMPATH\Validation\Validation.php(173): CodeIgniter\Validation\Validation->processRules('email', 'email', 'ROOTPATH\\public', [...], [...])
 3 SYSTEMPATH\Controller.php(140): CodeIgniter\Validation\Validation->run()
 4 APPPATH\Controllers\Auth.php(36): CodeIgniter\Controller->validate([...])
 5 SYSTEMPATH\CodeIgniter.php(896): App\Controllers\Auth->CekLoginUser()
 6 SYSTEMPATH\CodeIgniter.php(466): CodeIgniter\CodeIgniter->runController(Object(App\Controllers\Auth))
 7 SYSTEMPATH\CodeIgniter.php(349): CodeIgniter\CodeIgniter->handleRequest(null, Object(Config\Cache), false)
 8 FCPATH\index.php(55): CodeIgniter\CodeIgniter->run()
CRITICAL - 2024-04-13 09:09:16 --> E-Mail is not a valid rule.
in SYSTEMPATH\Validation\Validation.php on line 314.
 1 SYSTEMPATH\Validation\Validation.php(314): CodeIgniter\Validation\Exceptions\ValidationException::forRuleNotFound('E-Mail')
 2 SYSTEMPATH\Validation\Validation.php(173): CodeIgniter\Validation\Validation->processRules('email', 'email', 'ROOTPATH\\public', [...], [...])
 3 SYSTEMPATH\Controller.php(140): CodeIgniter\Validation\Validation->run()
 4 APPPATH\Controllers\Auth.php(36): CodeIgniter\Controller->validate([...])
 5 SYSTEMPATH\CodeIgniter.php(896): App\Controllers\Auth->CekLoginUser()
 6 SYSTEMPATH\CodeIgniter.php(466): CodeIgniter\CodeIgniter->runController(Object(App\Controllers\Auth))
 7 SYSTEMPATH\CodeIgniter.php(349): CodeIgniter\CodeIgniter->handleRequest(null, Object(Config\Cache), false)
 8 FCPATH\index.php(55): CodeIgniter\CodeIgniter->run()
CRITICAL - 2024-04-13 09:09:19 --> E-Mail is not a valid rule.
in SYSTEMPATH\Validation\Validation.php on line 314.
 1 SYSTEMPATH\Validation\Validation.php(314): CodeIgniter\Validation\Exceptions\ValidationException::forRuleNotFound('E-Mail')
 2 SYSTEMPATH\Validation\Validation.php(173): CodeIgniter\Validation\Validation->processRules('email', 'email', 'ROOTPATH\\public', [...], [...])
 3 SYSTEMPATH\Controller.php(140): CodeIgniter\Validation\Validation->run()
 4 APPPATH\Controllers\Auth.php(36): CodeIgniter\Controller->validate([...])
 5 SYSTEMPATH\CodeIgniter.php(896): App\Controllers\Auth->CekLoginUser()
 6 SYSTEMPATH\CodeIgniter.php(466): CodeIgniter\CodeIgniter->runController(Object(App\Controllers\Auth))
 7 SYSTEMPATH\CodeIgniter.php(349): CodeIgniter\CodeIgniter->handleRequest(null, Object(Config\Cache), false)
 8 FCPATH\index.php(55): CodeIgniter\CodeIgniter->run()
