CRITICAL - 2024-04-30 13:22:18 --> Undefined index: nama_rak
in APPPATH\Views\v_rak.php on line 38.
 1 APPPATH\Views\v_rak.php(38): CodeIgniter\Debug\Exceptions->errorHandler(8, 'Undefined index: nama_rak', 'APPPATH\\Views\\v_rak.php', 38, [...])
 2 SYSTEMPATH\View\View.php(213): include('APPPATH\\Views\\v_rak.php')
 3 SYSTEMPATH\View\View.php(216): CodeIgniter\View\View->CodeIgniter\View\{closure}()
 4 SYSTEMPATH\Common.php(1135): CodeIgniter\View\View->render('v_rak', [], true)
 5 APPPATH\Views\v_template_admin.php(203): view('v_rak')
 6 SYSTEMPATH\View\View.php(213): include('APPPATH\\Views\\v_template_admin.php')
 7 SYSTEMPATH\View\View.php(216): CodeIgniter\View\View->CodeIgniter\View\{closure}()
 8 SYSTEMPATH\Common.php(1135): CodeIgniter\View\View->render('v_template_admin', [], true)
 9 APPPATH\Controllers\User.php(26): view('v_template_admin', [...])
10 SYSTEMPATH\CodeIgniter.php(896): App\Controllers\User->index()
11 SYSTEMPATH\CodeIgniter.php(466): CodeIgniter\CodeIgniter->runController(Object(App\Controllers\User))
12 SYSTEMPATH\CodeIgniter.php(349): CodeIgniter\CodeIgniter->handleRequest(null, Object(Config\Cache), false)
13 FCPATH\index.php(55): CodeIgniter\CodeIgniter->run()
CRITICAL - 2024-04-30 13:22:27 --> Undefined index: nama_rak
in APPPATH\Views\v_rak.php on line 38.
 1 APPPATH\Views\v_rak.php(38): CodeIgniter\Debug\Exceptions->errorHandler(8, 'Undefined index: nama_rak', 'APPPATH\\Views\\v_rak.php', 38, [...])
 2 SYSTEMPATH\View\View.php(213): include('APPPATH\\Views\\v_rak.php')
 3 SYSTEMPATH\View\View.php(216): CodeIgniter\View\View->CodeIgniter\View\{closure}()
 4 SYSTEMPATH\Common.php(1135): CodeIgniter\View\View->render('v_rak', [], true)
 5 APPPATH\Views\v_template_admin.php(203): view('v_rak')
 6 SYSTEMPATH\View\View.php(213): include('APPPATH\\Views\\v_template_admin.php')
 7 SYSTEMPATH\View\View.php(216): CodeIgniter\View\View->CodeIgniter\View\{closure}()
 8 SYSTEMPATH\Common.php(1135): CodeIgniter\View\View->render('v_template_admin', [], true)
 9 APPPATH\Controllers\User.php(26): view('v_template_admin', [...])
10 SYSTEMPATH\CodeIgniter.php(896): App\Controllers\User->index()
11 SYSTEMPATH\CodeIgniter.php(466): CodeIgniter\CodeIgniter->runController(Object(App\Controllers\User))
12 SYSTEMPATH\CodeIgniter.php(349): CodeIgniter\CodeIgniter->handleRequest(null, Object(Config\Cache), false)
13 FCPATH\index.php(55): CodeIgniter\CodeIgniter->run()
CRITICAL - 2024-04-30 13:22:57 --> Undefined index: nama_rak
in APPPATH\Views\v_rak.php on line 38.
 1 APPPATH\Views\v_rak.php(38): CodeIgniter\Debug\Exceptions->errorHandler(8, 'Undefined index: nama_rak', 'APPPATH\\Views\\v_rak.php', 38, [...])
 2 SYSTEMPATH\View\View.php(213): include('APPPATH\\Views\\v_rak.php')
 3 SYSTEMPATH\View\View.php(216): CodeIgniter\View\View->CodeIgniter\View\{closure}()
 4 SYSTEMPATH\Common.php(1135): CodeIgniter\View\View->render('v_rak', [], true)
 5 APPPATH\Views\v_template_admin.php(203): view('v_rak')
 6 SYSTEMPATH\View\View.php(213): include('APPPATH\\Views\\v_template_admin.php')
 7 SYSTEMPATH\View\View.php(216): CodeIgniter\View\View->CodeIgniter\View\{closure}()
 8 SYSTEMPATH\Common.php(1135): CodeIgniter\View\View->render('v_template_admin', [], true)
 9 APPPATH\Controllers\User.php(26): view('v_template_admin', [...])
10 SYSTEMPATH\CodeIgniter.php(896): App\Controllers\User->index()
11 SYSTEMPATH\CodeIgniter.php(466): CodeIgniter\CodeIgniter->runController(Object(App\Controllers\User))
12 SYSTEMPATH\CodeIgniter.php(349): CodeIgniter\CodeIgniter->handleRequest(null, Object(Config\Cache), false)
13 FCPATH\index.php(55): CodeIgniter\CodeIgniter->run()
