CRITICAL - 2024-04-21 07:45:45 --> Undefined variable: rak
in APPPATH\Views\v_rak.php on line 35.
 1 APPPATH\Views\v_rak.php(35): CodeIgniter\Debug\Exceptions->errorHandler(8, 'Undefined variable: rak', 'APPPATH\\Views\\v_rak.php', 35, [...])
 2 SYSTEMPATH\View\View.php(213): include('APPPATH\\Views\\v_rak.php')
 3 SYSTEMPATH\View\View.php(216): CodeIgniter\View\View->CodeIgniter\View\{closure}()
 4 SYSTEMPATH\Common.php(1135): CodeIgniter\View\View->render('v_rak', [], true)
 5 APPPATH\Views\v_template_admin.php(176): view('v_rak')
 6 SYSTEMPATH\View\View.php(213): include('APPPATH\\Views\\v_template_admin.php')
 7 SYSTEMPATH\View\View.php(216): CodeIgniter\View\View->CodeIgniter\View\{closure}()
 8 SYSTEMPATH\Common.php(1135): CodeIgniter\View\View->render('v_template_admin', [], true)
 9 APPPATH\Controllers\Rak.php(22): view('v_template_admin', [...])
10 SYSTEMPATH\CodeIgniter.php(896): App\Controllers\Rak->index()
11 SYSTEMPATH\CodeIgniter.php(466): CodeIgniter\CodeIgniter->runController(Object(App\Controllers\Rak))
12 SYSTEMPATH\CodeIgniter.php(349): CodeIgniter\CodeIgniter->handleRequest(null, Object(Config\Cache), false)
13 FCPATH\index.php(55): CodeIgniter\CodeIgniter->run()
CRITICAL - 2024-04-21 07:56:26 --> Undefined variable: rak
in APPPATH\Views\v_rak.php on line 35.
 1 APPPATH\Views\v_rak.php(35): CodeIgniter\Debug\Exceptions->errorHandler(8, 'Undefined variable: rak', 'APPPATH\\Views\\v_rak.php', 35, [...])
 2 SYSTEMPATH\View\View.php(213): include('APPPATH\\Views\\v_rak.php')
 3 SYSTEMPATH\View\View.php(216): CodeIgniter\View\View->CodeIgniter\View\{closure}()
 4 SYSTEMPATH\Common.php(1135): CodeIgniter\View\View->render('v_rak', [], true)
 5 APPPATH\Views\v_template_admin.php(176): view('v_rak')
 6 SYSTEMPATH\View\View.php(213): include('APPPATH\\Views\\v_template_admin.php')
 7 SYSTEMPATH\View\View.php(216): CodeIgniter\View\View->CodeIgniter\View\{closure}()
 8 SYSTEMPATH\Common.php(1135): CodeIgniter\View\View->render('v_template_admin', [], true)
 9 APPPATH\Controllers\Rak.php(22): view('v_template_admin', [...])
10 SYSTEMPATH\CodeIgniter.php(896): App\Controllers\Rak->index()
11 SYSTEMPATH\CodeIgniter.php(466): CodeIgniter\CodeIgniter->runController(Object(App\Controllers\Rak))
12 SYSTEMPATH\CodeIgniter.php(349): CodeIgniter\CodeIgniter->handleRequest(null, Object(Config\Cache), false)
13 FCPATH\index.php(55): CodeIgniter\CodeIgniter->run()
CRITICAL - 2024-04-21 08:07:04 --> You must set the database table to be used with your query.
in SYSTEMPATH\Database\BaseConnection.php on line 874.
 1 SYSTEMPATH\Model.php(586): CodeIgniter\Database\BaseConnection->table(null)
 2 SYSTEMPATH\Model.php(763): CodeIgniter\Model->builder()
 3 APPPATH\Controllers\Rak.php(18): CodeIgniter\Model->__call('get_all_rak', [])
 4 SYSTEMPATH\CodeIgniter.php(896): App\Controllers\Rak->index()
 5 SYSTEMPATH\CodeIgniter.php(466): CodeIgniter\CodeIgniter->runController(Object(App\Controllers\Rak))
 6 SYSTEMPATH\CodeIgniter.php(349): CodeIgniter\CodeIgniter->handleRequest(null, Object(Config\Cache), false)
 7 FCPATH\index.php(55): CodeIgniter\CodeIgniter->run()
CRITICAL - 2024-04-21 08:08:41 --> Undefined variable: rak
in APPPATH\Views\v_rak.php on line 35.
 1 APPPATH\Views\v_rak.php(35): CodeIgniter\Debug\Exceptions->errorHandler(8, 'Undefined variable: rak', 'APPPATH\\Views\\v_rak.php', 35, [...])
 2 SYSTEMPATH\View\View.php(213): include('APPPATH\\Views\\v_rak.php')
 3 SYSTEMPATH\View\View.php(216): CodeIgniter\View\View->CodeIgniter\View\{closure}()
 4 SYSTEMPATH\Common.php(1135): CodeIgniter\View\View->render('v_rak', [], true)
 5 APPPATH\Views\v_template_admin.php(176): view('v_rak')
 6 SYSTEMPATH\View\View.php(213): include('APPPATH\\Views\\v_template_admin.php')
 7 SYSTEMPATH\View\View.php(216): CodeIgniter\View\View->CodeIgniter\View\{closure}()
 8 SYSTEMPATH\Common.php(1135): CodeIgniter\View\View->render('v_template_admin', [], true)
 9 APPPATH\Controllers\Rak.php(23): view('v_template_admin', [...])
10 SYSTEMPATH\CodeIgniter.php(896): App\Controllers\Rak->index()
11 SYSTEMPATH\CodeIgniter.php(466): CodeIgniter\CodeIgniter->runController(Object(App\Controllers\Rak))
12 SYSTEMPATH\CodeIgniter.php(349): CodeIgniter\CodeIgniter->handleRequest(null, Object(Config\Cache), false)
13 FCPATH\index.php(55): CodeIgniter\CodeIgniter->run()
